<?xml version="1.0" encoding="UTF-8"?>
<Site BuildName="Linux-cc"
	BuildStamp="20260606-0313-Experimental"
	Name="Laptop-Lemonflin"
	Generator="ctest-3.28.3"
	CompilerName=""
	CompilerVersion=""
	OSName="Linux"
	Hostname="Laptop-Lemonflin"
	OSRelease="6.6.87.2-microsoft-standard-WSL2"
	OSVersion="#1 SMP PREEMPT_DYNAMIC Thu Jun  5 18:30:46 UTC 2025"
	OSPlatform="x86_64"
	Is64Bits="1"
	VendorString="GenuineIntel"
	VendorID="Intel Corporation"
	FamilyID="6"
	ModelID="170"
	ProcessorCacheSize="24576"
	NumberOfLogicalCPU="22"
	NumberOfPhysicalCPU="11"
	TotalVirtualMemory="4096"
	TotalPhysicalMemory="15746"
	LogicalProcessorsPerPhysical="2"
	ProcessorClockFrequency="2995.2"
	>
	<Testing>
		<StartDateTime>Jun 06 11:13 CST</StartDateTime>
		<StartTestTime>1780715625</StartTestTime>
		<TestList/>
		<EndDateTime>Jun 06 11:13 CST</EndDateTime>
		<EndTestTime>1780715625</EndTestTime>
		<ElapsedMinutes>0</ElapsedMinutes>
	</Testing>
</Site>
